MPASM  5.51                       NECIR05.ASM   2-22-2024  14:29:04         PAGE  1


LOC  OBJECT CODE     LINE SOURCE TEXT
  VALUE

                      00001 
                      00002 ;
                      00003 ;
                      00004 ;
                      00005 ;  NEC Protocol IR Remote Control for sound bar 
                      00006 ;  version 5 - internal pull-ups used
                      00007 ;  Paul Byrne  22nd Feb 2024
                      00008 ;
                      00009 ;#include <p16F690.inc>
                      00010 #include  "C:\Program Files (x86)\Microchip\MPASM Suite\p16F690.inc"
                      00001         LIST
                      00002 
                      00003 ;==========================================================================
                      00004 ;  MPASM PIC16F690 processor include
                      00005 ; 
                      00006 ;  (c) Copyright 1999-2013 Microchip Technology, All rights reserved
                      00007 ;==========================================================================
                      00008 
                      00756         LIST
2007   30D4           00011      __config (_INTRC_OSC_NOCLKOUT & _WDT_OFF & _PWRTE_OFF & _MCLRE_OFF & _CP_OFF & _BOR_OFF & _IESO_OFF
                             & _FCMEN_OFF)
                      00012 
                      00013      cblock     0x20
  00000020            00014      Delay1              ; Assign an address to label Delay1
  00000021            00015      Delay2
  00000022            00016      IRAddress
  00000023            00017      IRMessage             ; define a variable to hold the diplay
  00000024            00018      MsgByte
  00000025            00019      BitCount
  00000026            00020      W_Save
  00000027            00021      STATUS_Save
                      00022      endc
                      00023 
0000                  00024      org 0
0000   2840           00025      goto Start
                      00026      
                      00027 ;;--------------- ISR -------------------------
0004                  00028 ISR:  org 0x04
0004   138B           00029       bcf      INTCON, GIE
0005   100B           00030       bcf      INTCON, RABIF
0006   1407           00031       bsf       PORTC,0             ; Turn off LED C0
                      00032 
0007   1E85           00033       btfss     PORTA,5             ; is the switch pressed
0008   3045           00034       movlw     0x45                ; 45hex On/Off
                      00035 
0009   1E05           00036       btfss     PORTA,4             ; is the switch pressed (0)
000A   3047           00037       movlw     0x47                ; 47hex mute
                      00038 
000B   1C05           00039       btfss     PORTA,0             ; is the switch pressed (0)
000C   3019           00040       movlw     0x19                ; 19hex volume up
                      00041 
000D   1C85           00042       btfss     PORTA,1             ; is the switch pressed (0)
000E   301C           00043       movlw     0x1C                ; 19hex volume down
MPASM  5.51                       NECIR05.ASM   2-22-2024  14:29:04         PAGE  2


LOC  OBJECT CODE     LINE SOURCE TEXT
  VALUE

                      00044 
000F   1D05           00045       btfss     PORTA,2             ; is the switch pressed (0)
0010   3042           00046       movlw     0x42                ; 42hex set sound flat
                      00047 
0011   1E06           00048       btfss     PORTB,4             ; is the switch pressed (0)
0012   3044           00049       movlw     0x44                ; 44hex set sound movie
                      00050 
0013   1E86           00051       btfss     PORTB,5             ; is the switch pressed (0)
0014   304A           00052       movlw     0x4A                ; 4Ahex set sound music
                      00053 
                      00054 
0015   00A3           00055       movwf     IRMessage
0016   2063           00056       call      SendMsg
                      00057 
0017   0185           00058       clrf     PORTA
0018   0186           00059       clrf     PORTB
0019   100B           00060       bcf      INTCON, RABIF
                      00061 
001A   178B           00062       bsf      INTCON, GIE
Warning[207]: Found label after column 1. (retie)
001B                  00063       retie
                      00064 
0040                  00065 Start: org   0x040
                      00066 
                      00067      ; RP1     RP0
                      00068      ;  0       0  -> Bank 0
                      00069      ;  0       1  -> Bank 1
                      00070      ;  1       0  -> Bank 2
                      00071      ;  1       1  -> Bank 3
                      00072 
0040   1283           00073      bcf       STATUS,RP0          ; address Register Page 2
0041   1703           00074      bsf       STATUS,RP1   
                      00075   
Message[302]: Register in operand not in bank 0.  Ensure that bank bits are correct.
0042   019E           00076      clrf      ANSEL               ; port a all digital
Message[302]: Register in operand not in bank 0.  Ensure that bank bits are correct.
0043   019F           00077      clrf      ANSELH              ; port b all digital
                      00078 
0044   1683           00079      bsf       STATUS,RP0          ; select Register Page 1
0045   1303           00080      bcf       STATUS,RP1     
                      00081 
0046   30FF           00082      movlw     0xFF
Message[302]: Register in operand not in bank 0.  Ensure that bank bits are correct.
0047   0085           00083      movwf     TRISA               ; Make PortA all input
Message[302]: Register in operand not in bank 0.  Ensure that bank bits are correct.
0048   0086           00084      movwf     TRISB               ; Make PortB all input
                      00085 
0049   30FC           00086      movlw     B'11111100'         ; PORT C bits 0,1 outputs
Message[302]: Register in operand not in bank 0.  Ensure that bank bits are correct.
004A   0087           00087      movwf     TRISC               ; Make PortC 0,1 output
                      00088    
004B   307F           00089      movlw     B'01111111'         ; bit 7 set to 0; pull ups
Message[302]: Register in operand not in bank 0.  Ensure that bank bits are correct.
MPASM  5.51                       NECIR05.ASM   2-22-2024  14:29:04         PAGE  3


LOC  OBJECT CODE     LINE SOURCE TEXT
  VALUE

004C   0081           00090      movwf     OPTION_REG          ; ports A,B enabled RABPU flg
                      00091 
004D   30FF           00092      movlw     B'11111111'         ; port A  0,1,2, 4,5 pull-ups enabled
Message[302]: Register in operand not in bank 0.  Ensure that bank bits are correct.
004E   0095           00093      movwf     WPUA                ; ports A,B enabled
                      00094 
004F   3037           00095      movlw     B'00110111'         ; set inputs 0,1,2,4,5 portA to
Message[302]: Register in operand not in bank 0.  Ensure that bank bits are correct.
0050   0096           00096      movwf     IOCA                ; interrupt-on-change
                      00097 
0051   1283           00098      bcf       STATUS,RP0          ; address Register Page 2
0052   1703           00099      bsf       STATUS,RP1  
                      00100 
0053   30FF           00101      movlw     B'11111111'         ; port B  0,1,2, 4,5 pull-ups enabled
Message[302]: Register in operand not in bank 0.  Ensure that bank bits are correct.
0054   0095           00102      movwf     WPUB                ; ports A,B enabled
                      00103 
0055   3070           00104      movlw     B'01110000'         ; set inputs 4,5 portB to
Message[302]: Register in operand not in bank 0.  Ensure that bank bits are correct.
0056   0096           00105      movwf     IOCB                ; interrupt-on-change
                      00106 
0057   1283           00107      bcf       STATUS,RP0          ; address Register Page 0
0058   1303           00108      bcf       STATUS,RP1
                      00109   
0059   0187           00110      clrf      PORTC               ; turn off LED C0
                      00111 
005A   3088           00112      movlw     B'10001000'         ; set all inputs portA/B to
005B   008B           00113      movwf     INTCON              ; global iterrupt flag set
                      00114  
005C   01A5           00115      clrf      BitCount            ; Looking for a 0 on the button
005D   3000           00116      movlw     0x00                ; Address is fixed
005E   00A2           00117      movwf     IRAddress   
                      00118      
005F   3045           00119      movlw     0x45                ; 45hex default message
0060   00A3           00120      movwf     IRMessage
                      00121 
                      00122   
0061                  00123 MainLoop:
                      00124   
0061   0063           00125     sleep
                      00126    
0062   2861           00127     goto      MainLoop
                      00128 
                      00129 
                      00130 
                      00131 
                      00132 ;; ------------ subroutines -------------------
                      00133   
                      00134    
0063                  00135 SendMsg: 
                      00136   
0063   2082           00137     call      SetStartPulse
                      00138 
MPASM  5.51                       NECIR05.ASM   2-22-2024  14:29:04         PAGE  4


LOC  OBJECT CODE     LINE SOURCE TEXT
  VALUE

0064   0822           00139     movf     IRAddress,0              ; 
0065   00A4           00140     movwf     MsgByte
0066   2074           00141     call      SendByte
0067   09A4           00142     comf      MsgByte,1
0068   2074           00143     call      SendByte
                      00144 
0069   0823           00145     movf      IRMessage,0               ; 
006A   00A4           00146     movwf     MsgByte
006B   2074           00147     call      SendByte
006C   09A4           00148     comf      MsgByte,1
006D   2074           00149     call      SendByte
                      00150 
006E   20BD           00151     call      SetLogic1               ; used for final 562.5uS eom
                      00152 
                      00153 
006F   20C4           00154     call      OndelayLoop
0070   20C4           00155     call      OndelayLoop
0071   20C4           00156     call      OndelayLoop
0072   1087           00157     bcf       PORTC,1
0073   0008           00158     return
                      00159 
0074                  00160 SendByte:
0074   3008           00161      movlw     8               ; 
0075   00A5           00162      movwf     BitCount   
0076   1003           00163     bcf       STATUS,C   ; clear carry flag 
0077                  00164 NextBit:
0077   207C           00165      call      SendBit
0078   0BA5           00166      decfsz    BitCount,1
0079   2877           00167      goto      NextBit
007A   0CA4           00168      rrf       MsgByte,1
007B   0008           00169      return
                      00170 
007C                  00171 SendBit:
                      00172    ;  bcf       STATUS,C   ; clear carry flag 
007C   0CA4           00173      rrf       MsgByte,1
                      00174 
007D   1803           00175      btfsc     STATUS,C
007E   20BD           00176      call      SetLogic1     ; carry is clear so send logic 1
                      00177 
007F   1C03           00178      btfss     STATUS,C
0080   20B6           00179      call      SetLogic0
0081   0008           00180      return
                      00181      
                      00182   
                      00183      ; 344 pulses at 38.36 kHz
0082                  00184 SetStartPulse:
0082   30FF           00185      movlw     0xFF               ; 9mS of 38kHz 255 pulses
0083   00A0           00186      movwf     Delay1
0084   208F           00187      call      nextt
0085   3059           00188      movlw     0x59               ; 89 pulese
0086   00A0           00189      movwf     Delay1
0087   208F           00190      call      nextt
                      00191 
MPASM  5.51                       NECIR05.ASM   2-22-2024  14:29:04         PAGE  5


LOC  OBJECT CODE     LINE SOURCE TEXT
  VALUE

0088   3000           00192      movlw     0x00               ; 4.5mS space
0089   00A0           00193      movwf     Delay1
008A   20A2           00194      call      nextt3
008B   30E9           00195      movlw     0xE9               ; 
008C   00A0           00196      movwf     Delay1
008D   20A2           00197      call      nextt3
                      00198 
008E   0008           00199      return
                      00200    
008F                  00201 nextt:
008F   2097           00202   call      Pulse38kHz
0090   0BA0           00203   decfsz    Delay1,0x01
0091   288F           00204    goto      nextt   
0092   0008           00205    return
                      00206 
0093                  00207 nextt2:
0093   20AB           00208    call      Space38kHz
0094   0BA0           00209    decfsz    Delay1,0x01  
0095   2893           00210    goto      nextt2   
0096   0008           00211    return
                      00212 
                      00213 ; reconmended duty cycle 1/3 > 1/4
0097                  00214 Pulse38kHz:
0097   3002           00215      movlw     0x02              ; 
0098   00A1           00216      movwf     Delay2
0099   1487           00217      bsf       PORTC,1             ; turn on LED C0
                      00218 
009A                  00219 Logic0Mark:
009A   0BA1           00220      decfsz    Delay2,0x01  
009B   289A           00221      goto      Logic0Mark
                      00222 
009C   3003           00223      movlw     0x03            ; 
009D   00A1           00224      movwf     Delay2
009E   1087           00225      bcf       PORTC,1             ; Turn off LED C0
009F                  00226 Logic0Space:
009F   0BA1           00227      decfsz    Delay2,0x01  
00A0   289F           00228      goto      Logic0Space
00A1   0008           00229      return
                      00230 
00A2                  00231 nextt3:
00A2   0000           00232    nop
00A3   0000           00233    nop
00A4   0000           00234    nop
00A5   0000           00235    nop
00A6   0000           00236    nop
00A7   0000           00237    nop
00A8   0BA0           00238    decfsz    Delay1,0x01  
00A9   28A2           00239    goto      nextt3
00AA   0008           00240    return
                      00241 
                      00242 ; space
00AB                  00243 Space38kHz:
00AB   3003           00244      movlw     0x03              ; 
MPASM  5.51                       NECIR05.ASM   2-22-2024  14:29:04         PAGE  6


LOC  OBJECT CODE     LINE SOURCE TEXT
  VALUE

00AC   00A1           00245      movwf     Delay2
00AD   1005           00246      bcf       PORTA,0             ; turn off LED C0
                      00247 
00AE                  00248 Zero0Mark:
00AE   0BA1           00249      decfsz    Delay2,0x01  
00AF   28AE           00250      goto      Zero0Mark
                      00251 
00B0   3001           00252      movlw     0x01            ; 
00B1   00A1           00253      movwf     Delay2
00B2   1005           00254      bcf       PORTA,0             ; Turn off LED C0
00B3                  00255 Zero0Space:
00B3   0BA1           00256      decfsz    Delay2,0x01  
00B4   28B3           00257      goto      Zero0Space
00B5   0008           00258      return
                      00259   
                      00260 
00B6                  00261 SetLogic0:
00B6   3018           00262      movlw     0x18              ; 562.5 uS
00B7   00A0           00263      movwf     Delay1
00B8   208F           00264      call      nextt
                      00265   
00B9   3014           00266      movlw     0x14              ; 562.5 uS space
00BA   00A0           00267      movwf     Delay1
00BB   2093           00268      call      nextt2
00BC   0008           00269      return
                      00270 
00BD                  00271 SetLogic1:
00BD   3018           00272      movlw     0x18              ; 562.5 uS
00BE   00A0           00273      movwf     Delay1
00BF   208F           00274      call      nextt
00C0   3045           00275      movlw     0x45              ; 1687.5 uS space
00C1   00A0           00276      movwf     Delay1
00C2   2093           00277      call      nextt2 
00C3   0008           00278      return
                      00279 
00C4                  00280 OndelayLoop:
                      00281  
00C4   0BA0           00282      decfsz    Delay1,f            ; Waste time.  
00C5   28C4           00283      goto      OndelayLoop         ; The Inner loop takes 3 instructions per loop * 256 loopss = 768 ins
                            tructions
                      00284 
00C6   0BA1           00285      decfsz    Delay2,f            ; The outer loop takes and additional 3 instructions per lap * 256 lo
                            ops
00C7   28C4           00286      goto      OndelayLoop         ; (768+3) * 256 = 197376 instructions / 1M instructions per second = 
                            0.197 sec.
                      00287                                    ; call it a two-te
00C8   0008           00288      return
                      00289 
                      00290   end
MPASM  5.51                       NECIR05.ASM   2-22-2024  14:29:04         PAGE  7


SYMBOL TABLE
  LABEL                             VALUE 

ABDEN                             00000000
ABDOVF                            00000007
ADCON0                            0000001F
ADCON1                            0000009F
ADCS0                             00000004
ADCS1                             00000005
ADCS2                             00000006
ADDEN                             00000003
ADFM                              00000007
ADIE                              00000006
ADIF                              00000006
ADON                              00000000
ADRESH                            0000001E
ADRESL                            0000009E
ANS0                              00000000
ANS1                              00000001
ANS10                             00000002
ANS11                             00000003
ANS2                              00000002
ANS3                              00000003
ANS4                              00000004
ANS5                              00000005
ANS6                              00000006
ANS7                              00000007
ANS8                              00000000
ANS9                              00000001
ANSEL                             0000011E
ANSELH                            0000011F
BAUDCTL                           0000009B
BF                                00000000
BRG0                              00000000
BRG1                              00000001
BRG10                             00000002
BRG11                             00000003
BRG12                             00000004
BRG13                             00000005
BRG14                             00000006
BRG15                             00000007
BRG16                             00000003
BRG2                              00000002
BRG3                              00000003
BRG4                              00000004
BRG5                              00000005
BRG6                              00000006
BRG7                              00000007
BRG8                              00000000
BRG9                              00000001
BRGH                              00000002
BitCount                          00000025
C                                 00000000
C1CH0                             00000000
C1CH1                             00000001
C1IE                              00000005
MPASM  5.51                       NECIR05.ASM   2-22-2024  14:29:04         PAGE  8


SYMBOL TABLE
  LABEL                             VALUE 

C1IF                              00000005
C1OE                              00000005
C1ON                              00000007
C1OUT                             00000006
C1POL                             00000004
C1R                               00000002
C1SEN                             00000005
C1VREN                            00000007
C2CH0                             00000000
C2CH1                             00000001
C2IE                              00000006
C2IF                              00000006
C2OE                              00000005
C2ON                              00000007
C2OUT                             00000006
C2POL                             00000004
C2R                               00000002
C2REN                             00000004
C2SYNC                            00000000
C2VREN                            00000006
CCP1CON                           00000017
CCP1IE                            00000002
CCP1IF                            00000002
CCP1M0                            00000000
CCP1M1                            00000001
CCP1M2                            00000002
CCP1M3                            00000003
CCPR                              00000015
CCPR1H                            00000016
CCPR1L                            00000015
CHS0                              00000002
CHS1                              00000003
CHS2                              00000004
CHS3                              00000005
CKE                               00000006
CKP                               00000004
CM1CON0                           00000119
CM2CON0                           0000011A
CM2CON1                           0000011B
CREN                              00000004
CSRC                              00000007
D                                 00000005
DATA_ADDRESS                      00000005
DC                                00000001
DC1B0                             00000004
DC1B1                             00000005
D_A                               00000005
D_NOT_A                           00000005
Delay1                            00000020
Delay2                            00000021
ECCPAS                            0000001D
ECCPAS0                           00000004
ECCPAS1                           00000005
MPASM  5.51                       NECIR05.ASM   2-22-2024  14:29:04         PAGE  9


SYMBOL TABLE
  LABEL                             VALUE 

ECCPAS2                           00000006
ECCPASE                           00000007
EEADR                             0000010D
EEADRH                            0000010F
EECON1                            0000018C
EECON2                            0000018D
EEDAT                             0000010C
EEDATA                            0000010C
EEDATH                            0000010E
EEIE                              00000004
EEIF                              00000004
EEPGD                             00000007
F                                 00000001
FERR                              00000002
FSR                               00000004
GIE                               00000007
GO                                00000001
GO_DONE                           00000001
GO_NOT_DONE                       00000001
HTS                               00000002
I2C_DATA                          00000005
I2C_READ                          00000002
I2C_START                         00000003
I2C_STOP                          00000004
INDF                              00000000
INTCON                            0000000B
INTE                              00000004
INTEDG                            00000006
INTF                              00000001
IOC                               00000096
IOC0                              00000000
IOC1                              00000001
IOC2                              00000002
IOC3                              00000003
IOC4                              00000004
IOC5                              00000005
IOCA                              00000096
IOCA0                             00000000
IOCA1                             00000001
IOCA2                             00000002
IOCA3                             00000003
IOCA4                             00000004
IOCA5                             00000005
IOCB                              00000116
IOCB4                             00000004
IOCB5                             00000005
IOCB6                             00000006
IOCB7                             00000007
IRAddress                         00000022
IRCF0                             00000004
IRCF1                             00000005
IRCF2                             00000006
IRMessage                         00000023
MPASM  5.51                       NECIR05.ASM   2-22-2024  14:29:04         PAGE 10


SYMBOL TABLE
  LABEL                             VALUE 

IRP                               00000007
ISR                               00000004
LTS                               00000001
Logic0Mark                        0000009A
Logic0Space                       0000009F
MC1OUT                            00000007
MC2OUT                            00000006
MSK                               00000093
MSK0                              00000000
MSK1                              00000001
MSK2                              00000002
MSK3                              00000003
MSK4                              00000004
MSK5                              00000005
MSK6                              00000006
MSK7                              00000007
MainLoop                          00000061
MsgByte                           00000024
NOT_A                             00000005
NOT_ADDRESS                       00000005
NOT_BOR                           00000000
NOT_DONE                          00000001
NOT_PD                            00000003
NOT_POR                           00000001
NOT_RABPU                         00000007
NOT_T1SYNC                        00000002
NOT_TO                            00000004
NOT_W                             00000002
NOT_WRITE                         00000002
NextBit                           00000077
OERR                              00000001
OPTION_REG                        00000081
OSCCON                            0000008F
OSCTUNE                           00000090
OSFIE                             00000007
OSFIF                             00000007
OSTS                              00000003
OndelayLoop                       000000C4
P                                 00000004
P1M0                              00000006
P1M1                              00000007
PCL                               00000002
PCLATH                            0000000A
PCON                              0000008E
PDC0                              00000000
PDC1                              00000001
PDC2                              00000002
PDC3                              00000003
PDC4                              00000004
PDC5                              00000005
PDC6                              00000006
PEIE                              00000006
PIE1                              0000008C
MPASM  5.51                       NECIR05.ASM   2-22-2024  14:29:04         PAGE 11


SYMBOL TABLE
  LABEL                             VALUE 

PIE2                              0000008D
PIR1                              0000000C
PIR2                              0000000D
PORTA                             00000005
PORTB                             00000006
PORTC                             00000007
PR2                               00000092
PRSEN                             00000007
PS0                               00000000
PS1                               00000001
PS2                               00000002
PSA                               00000003
PSSAC0                            00000002
PSSAC1                            00000003
PSSBD0                            00000000
PSSBD1                            00000001
PSTRCON                           0000019D
PULSR                             00000002
PULSS                             00000003
PWM1CON                           0000001C
Pulse38kHz                        00000097
R                                 00000002
RA0                               00000000
RA1                               00000001
RA2                               00000002
RA3                               00000003
RA4                               00000004
RA5                               00000005
RABIE                             00000003
RABIF                             00000000
RB4                               00000004
RB5                               00000005
RB6                               00000006
RB7                               00000007
RC0                               00000000
RC1                               00000001
RC2                               00000002
RC3                               00000003
RC4                               00000004
RC5                               00000005
RC6                               00000006
RC7                               00000007
RCIDL                             00000006
RCIE                              00000005
RCIF                              00000005
RCREG                             0000001A
RCSTA                             00000018
RD                                00000000
READ_WRITE                        00000002
RP0                               00000005
RP1                               00000006
RX9                               00000006
RX9D                              00000000
MPASM  5.51                       NECIR05.ASM   2-22-2024  14:29:04         PAGE 12


SYMBOL TABLE
  LABEL                             VALUE 

R_NOT_W                           00000002
R_W                               00000002
S                                 00000003
SBOREN                            00000004
SCKP                              00000004
SCS                               00000000
SENB                              00000003
SENDB                             00000003
SMP                               00000007
SPBRG                             00000099
SPBRGH                            0000009A
SPEN                              00000007
SR0                               00000006
SR1                               00000007
SRCON                             0000019E
SREN                              00000005
SSPADD                            00000093
SSPBUF                            00000013
SSPCON                            00000014
SSPEN                             00000005
SSPIE                             00000003
SSPIF                             00000003
SSPM0                             00000000
SSPM1                             00000001
SSPM2                             00000002
SSPM3                             00000003
SSPMSK                            00000093
SSPOV                             00000006
SSPSTAT                           00000094
STATUS                            00000003
STATUS_Save                       00000027
STRA                              00000000
STRB                              00000001
STRC                              00000002
STRD                              00000003
STRSYNC                           00000004
SWDTEN                            00000000
SYNC                              00000004
SendBit                           0000007C
SendByte                          00000074
SendMsg                           00000063
SetLogic0                         000000B6
SetLogic1                         000000BD
SetStartPulse                     00000082
Space38kHz                        000000AB
Start                             00000040
T0CS                              00000005
T0IE                              00000005
T0IF                              00000002
T0SE                              00000004
T1CKPS0                           00000004
T1CKPS1                           00000005
T1CON                             00000010
MPASM  5.51                       NECIR05.ASM   2-22-2024  14:29:04         PAGE 13


SYMBOL TABLE
  LABEL                             VALUE 

T1GINV                            00000007
T1GSS                             00000001
T1IE                              00000000
T1IF                              00000000
T1OSCEN                           00000003
T2CKPS0                           00000000
T2CKPS1                           00000001
T2CON                             00000012
T2IE                              00000001
T2IF                              00000001
TMR0                              00000001
TMR1                              0000000E
TMR1CS                            00000001
TMR1GE                            00000006
TMR1H                             0000000F
TMR1IE                            00000000
TMR1IF                            00000000
TMR1L                             0000000E
TMR1ON                            00000000
TMR2                              00000011
TMR2IE                            00000001
TMR2IF                            00000001
TMR2ON                            00000002
TOUTPS0                           00000003
TOUTPS1                           00000004
TOUTPS2                           00000005
TOUTPS3                           00000006
TRISA                             00000085
TRISA0                            00000000
TRISA1                            00000001
TRISA2                            00000002
TRISA3                            00000003
TRISA4                            00000004
TRISA5                            00000005
TRISB                             00000086
TRISB4                            00000004
TRISB5                            00000005
TRISB6                            00000006
TRISB7                            00000007
TRISC                             00000087
TRISC0                            00000000
TRISC1                            00000001
TRISC2                            00000002
TRISC3                            00000003
TRISC4                            00000004
TRISC5                            00000005
TRISC6                            00000006
TRISC7                            00000007
TRMT                              00000001
TUN0                              00000000
TUN1                              00000001
TUN2                              00000002
TUN3                              00000003
MPASM  5.51                       NECIR05.ASM   2-22-2024  14:29:04         PAGE 14


SYMBOL TABLE
  LABEL                             VALUE 

TUN4                              00000004
TX9                               00000006
TX9D                              00000000
TXEN                              00000005
TXIE                              00000004
TXIF                              00000004
TXREG                             00000019
TXSTA                             00000098
UA                                00000001
ULPWUE                            00000005
VCFG                              00000006
VP6EN                             00000004
VR0                               00000000
VR1                               00000001
VR2                               00000002
VR3                               00000003
VRCON                             00000118
VRR                               00000005
W                                 00000000
WCOL                              00000007
WDTCON                            00000097
WDTPS0                            00000001
WDTPS1                            00000002
WDTPS2                            00000003
WDTPS3                            00000004
WPU                               00000095
WPU0                              00000000
WPU1                              00000001
WPU2                              00000002
WPU4                              00000004
WPU5                              00000005
WPUA                              00000095
WPUA0                             00000000
WPUA1                             00000001
WPUA2                             00000002
WPUA4                             00000004
WPUA5                             00000005
WPUB                              00000115
WPUB4                             00000004
WPUB5                             00000005
WPUB6                             00000006
WPUB7                             00000007
WR                                00000001
WREN                              00000002
WRERR                             00000003
WUE                               00000001
W_Save                            00000026
Z                                 00000002
Zero0Mark                         000000AE
Zero0Space                        000000B3
_BOD_NSLEEP                       00003EFF
_BOD_OFF                          00003CFF
_BOD_ON                           00003FFF
MPASM  5.51                       NECIR05.ASM   2-22-2024  14:29:04         PAGE 15


SYMBOL TABLE
  LABEL                             VALUE 

_BOD_SBODEN                       00003DFF
_BOREN_NSLEEP                     00003EFF
_BOREN_OFF                        00003CFF
_BOREN_ON                         00003FFF
_BOREN_SBODEN                     00003DFF
_BOR_NSLEEP                       00003EFF
_BOR_OFF                          00003CFF
_BOR_ON                           00003FFF
_BOR_SBODEN                       00003DFF
_CONFIG                           00002007
_CPD_OFF                          00003FFF
_CPD_ON                           00003F7F
_CP_OFF                           00003FFF
_CP_ON                            00003FBF
_DEVID1                           00002006
_EC_OSC                           00003FFB
_EXTRC                            00003FFF
_EXTRCIO                          00003FFE
_EXTRC_OSC_CLKOUT                 00003FFF
_EXTRC_OSC_NOCLKOUT               00003FFE
_FCMEN_OFF                        000037FF
_FCMEN_ON                         00003FFF
_FOSC_EC                          00003FFB
_FOSC_EXTRCCLK                    00003FFF
_FOSC_EXTRCIO                     00003FFE
_FOSC_HS                          00003FFA
_FOSC_INTRCCLK                    00003FFD
_FOSC_INTRCIO                     00003FFC
_FOSC_LP                          00003FF8
_FOSC_XT                          00003FF9
_HS_OSC                           00003FFA
_IDLOC0                           00002000
_IDLOC1                           00002001
_IDLOC2                           00002002
_IDLOC3                           00002003
_IESO_OFF                         00003BFF
_IESO_ON                          00003FFF
_INTOSC                           00003FFD
_INTOSCIO                         00003FFC
_INTRC_OSC_CLKOUT                 00003FFD
_INTRC_OSC_NOCLKOUT               00003FFC
_LP_OSC                           00003FF8
_MCLRE_OFF                        00003FDF
_MCLRE_ON                         00003FFF
_PWRTE_OFF                        00003FFF
_PWRTE_ON                         00003FEF
_WDTE_OFF                         00003FF7
_WDTE_ON                          00003FFF
_WDT_OFF                          00003FF7
_WDT_ON                           00003FFF
_XT_OSC                           00003FF9
__16F690                          00000001
__DEBUG                           1
MPASM  5.51                       NECIR05.ASM   2-22-2024  14:29:04         PAGE 16


SYMBOL TABLE
  LABEL                             VALUE 

nextt                             0000008F
nextt2                            00000093
nextt3                            000000A2
retie                             0000001B


MEMORY USAGE MAP ('X' = Used,  '-' = Unused)

0000 : X---XXXXXXXXXXXX XXXXXXXXXXX----- ---------------- ----------------
0040 : XXXXXXXXXXXXXXXX XXXXXXXXXXXXXXXX XXXXXXXXXXXXXXXX XXXXXXXXXXXXXXXX
0080 : XXXXXXXXXXXXXXXX XXXXXXXXXXXXXXXX XXXXXXXXXXXXXXXX XXXXXXXXXXXXXXXX
00C0 : XXXXXXXXX------- ---------------- ---------------- ----------------
2000 : -------X-------- ---------------- ---------------- ----------------

All other memory blocks unused.

Program Memory Words Used:   161
Program Memory Words Free:  3935


Errors   :     0
Warnings :     1 reported,     0 suppressed
Messages :    10 reported,     0 suppressed

